<?xml version="1.0" encoding="UTF-8"?>
<!-- Generated by org.testng.reporters.JUnitReportReporter -->
<testsuite hostname="LTA1Q5SAYJ" failures="0" tests="1" name="summa.summa" time="154.416" errors="1" timestamp="2022-10-13T13:33:05 IST" skipped="0">
  <testcase classname="summa.summa" name="camFunctionsTest" time="154.416">
    <error message="An unknown server-side error occurred while processing the command. Original error: Cannot start the &#039;com.rhmsoft.fm&#039; application. Visit https://github.com/appium/appium/blob/master/docs/en/writing-running-appium/android/activity-startup.md for troubleshooting. Original error: &#039;com.rhmsoft.fm.FileManager&#039; or &#039;com.rhmsoft.fm.com.rhmsoft.fm.FileManager&#039; never started. Visit https://github.com/appium/appium/blob/master/docs/en/writing-running-appium/android/activity-startup.md for troubleshooting
Build info: version: &#039;3.141.59&#039;, revision: &#039;e82be7d358&#039;, time: &#039;2018-11-14T08:17:03&#039;
System info: host: &#039;LTA1Q5SAYJ&#039;, ip: &#039;10.108.1.158&#039;, os.name: &#039;Windows 10&#039;, os.arch: &#039;amd64&#039;, os.version: &#039;10.0&#039;, java.version: &#039;11.0.16&#039;
Driver info: io.appium.java_client.android.AndroidDriver
Capabilities {appActivity: com.airtel.xsafesdk.ui.acti..., appPackage: com.airtel.xsafe, automationName: uiautomator2, databaseEnabled: false, desired: {appActivity: com.airtel.xsafesdk.ui.acti..., appPackage: com.airtel.xsafe, automationName: uiautomator2, deviceName: vivo 1820, fullReset: false, newCommandTimeout: 60, noReset: false, platformName: android}, deviceApiLevel: 27, deviceManufacturer: vivo, deviceModel: vivo 1820, deviceName: USYSSW4P9SW8CESC, deviceScreenDensity: 320, deviceScreenSize: 720x1520, deviceUDID: USYSSW4P9SW8CESC, fullReset: false, javascriptEnabled: true, locationContextEnabled: false, networkConnectionEnabled: true, newCommandTimeout: 60, noReset: false, pixelRatio: 2, platform: LINUX, platformName: Android, platformVersion: 8.1.0, statBarHeight: 64, takesScreenshot: true, viewportRect: {height: 1372, left: 0, top: 64, width: 720}, warnings: {}, webStorageEnabled: false}
Session ID: d63dc748-6893-4298-bb78-aa1fb54a31df" type="org.openqa.selenium.WebDriverException">
      <![CDATA[org.openqa.selenium.WebDriverException: An unknown server-side error occurred while processing the command. Original error: Cannot start the 'com.rhmsoft.fm' application. Visit https://github.com/appium/appium/blob/master/docs/en/writing-running-appium/android/activity-startup.md for troubleshooting. Original error: 'com.rhmsoft.fm.FileManager' or 'com.rhmsoft.fm.com.rhmsoft.fm.FileManager' never started. Visit https://github.com/appium/appium/blob/master/docs/en/writing-running-appium/android/activity-startup.md for troubleshooting
Build info: version: '3.141.59', revision: 'e82be7d358', time: '2018-11-14T08:17:03'
System info: host: 'LTA1Q5SAYJ', ip: '10.108.1.158', os.name: 'Windows 10', os.arch: 'amd64', os.version: '10.0', java.version: '11.0.16'
Driver info: io.appium.java_client.android.AndroidDriver
Capabilities {appActivity: com.airtel.xsafesdk.ui.acti..., appPackage: com.airtel.xsafe, automationName: uiautomator2, databaseEnabled: false, desired: {appActivity: com.airtel.xsafesdk.ui.acti..., appPackage: com.airtel.xsafe, automationName: uiautomator2, deviceName: vivo 1820, fullReset: false, newCommandTimeout: 60, noReset: false, platformName: android}, deviceApiLevel: 27, deviceManufacturer: vivo, deviceModel: vivo 1820, deviceName: USYSSW4P9SW8CESC, deviceScreenDensity: 320, deviceScreenSize: 720x1520, deviceUDID: USYSSW4P9SW8CESC, fullReset: false, javascriptEnabled: true, locationContextEnabled: false, networkConnectionEnabled: true, newCommandTimeout: 60, noReset: false, pixelRatio: 2, platform: LINUX, platformName: Android, platformVersion: 8.1.0, statBarHeight: 64, takesScreenshot: true, viewportRect: {height: 1372, left: 0, top: 64, width: 720}, warnings: {}, webStorageEnabled: false}
Session ID: d63dc748-6893-4298-bb78-aa1fb54a31df
at java.base/jdk.internal.reflect.NativeConstructorAccessorImpl.newInstance0(Native Method)
at java.base/jdk.internal.reflect.NativeConstructorAccessorImpl.newInstance(NativeConstructorAccessorImpl.java:62)
at java.base/jdk.internal.reflect.DelegatingConstructorAccessorImpl.newInstance(DelegatingConstructorAccessorImpl.java:45)
at java.base/java.lang.reflect.Constructor.newInstance(Constructor.java:490)
at org.openqa.selenium.remote.http.W3CHttpResponseCodec.createException(W3CHttpResponseCodec.java:187)
at org.openqa.selenium.remote.http.W3CHttpResponseCodec.decode(W3CHttpResponseCodec.java:122)
at org.openqa.selenium.remote.http.W3CHttpResponseCodec.decode(W3CHttpResponseCodec.java:49)
at org.openqa.selenium.remote.HttpCommandExecutor.execute(HttpCommandExecutor.java:158)
at io.appium.java_client.remote.AppiumCommandExecutor.execute(AppiumCommandExecutor.java:239)
at org.openqa.selenium.remote.RemoteWebDriver.execute(RemoteWebDriver.java:552)
at io.appium.java_client.DefaultGenericMobileDriver.execute(DefaultGenericMobileDriver.java:42)
at io.appium.java_client.AppiumDriver.execute(AppiumDriver.java:1)
at io.appium.java_client.android.AndroidDriver.execute(AndroidDriver.java:1)
at io.appium.java_client.CommandExecutionHelper.execute(CommandExecutionHelper.java:27)
at io.appium.java_client.android.StartsActivity.startActivity(StartsActivity.java:45)
at com.android.genericLibrary.AndroidDriverUtility.startActivity(AndroidDriverUtility.java:57)
at summa.summa.camFunctionsTest(summa.java:65)
at java.base/jdk.internal.reflect.NativeMethodAccessorImpl.invoke0(Native Method)
at java.base/jdk.internal.reflect.NativeMethodAccessorImpl.invoke(NativeMethodAccessorImpl.java:62)
at java.base/jdk.internal.reflect.DelegatingMethodAccessorImpl.invoke(DelegatingMethodAccessorImpl.java:43)
at java.base/java.lang.reflect.Method.invoke(Method.java:566)
at org.testng.internal.MethodInvocationHelper.invokeMethod(MethodInvocationHelper.java:133)
at org.testng.internal.TestInvoker.invokeMethod(TestInvoker.java:598)
at org.testng.internal.TestInvoker.invokeTestMethod(TestInvoker.java:173)
at org.testng.internal.MethodRunner.runInSequence(MethodRunner.java:46)
at org.testng.internal.TestInvoker$MethodInvocationAgent.invoke(TestInvoker.java:824)
at org.testng.internal.TestInvoker.invokeTestMethods(TestInvoker.java:146)
at org.testng.internal.TestMethodWorker.invokeTestMethods(TestMethodWorker.java:146)
at org.testng.internal.TestMethodWorker.run(TestMethodWorker.java:128)
at java.base/java.util.ArrayList.forEach(ArrayList.java:1541)
at org.testng.TestRunner.privateRun(TestRunner.java:794)
at org.testng.TestRunner.run(TestRunner.java:596)
at org.testng.SuiteRunner.runTest(SuiteRunner.java:377)
at org.testng.SuiteRunner.runSequentially(SuiteRunner.java:371)
at org.testng.SuiteRunner.privateRun(SuiteRunner.java:332)
at org.testng.SuiteRunner.run(SuiteRunner.java:276)
at org.testng.SuiteRunnerWorker.runSuite(SuiteRunnerWorker.java:53)
at org.testng.SuiteRunnerWorker.run(SuiteRunnerWorker.java:96)
at org.testng.TestNG.runSuitesSequentially(TestNG.java:1212)
at org.testng.TestNG.runSuitesLocally(TestNG.java:1134)
at org.testng.TestNG.runSuites(TestNG.java:1063)
at org.testng.TestNG.run(TestNG.java:1031)
at org.testng.remote.AbstractRemoteTestNG.run(AbstractRemoteTestNG.java:115)
at org.testng.remote.RemoteTestNG.initAndRun(RemoteTestNG.java:251)
at org.testng.remote.RemoteTestNG.main(RemoteTestNG.java:77)
]]>
    </error>
  </testcase> <!-- camFunctionsTest -->
  <system-out/>
</testsuite> <!-- summa.summa -->
