<?xml version="1.0" encoding="UTF-8"?>
<!-- Generated by org.testng.reporters.JUnitReportReporter -->
<testsuite hostname="LTA1Q5SAYJ" failures="1" tests="18" name="Priority.P0_OnBoarding_Test" time="1234.590" errors="0" timestamp="2022-08-03T23:57:11 IST" skipped="3">
  <testcase classname="Priority.P0_OnBoarding_Test" name="allowPermissionTest" time="61.993"/>
  <system-out/>
  <testcase classname="Priority.P0_OnBoarding_Test" name="userSelectDeviceModelTest" time="64.877"/>
  <system-out/>
  <testcase classname="Priority.P0_OnBoarding_Test" name="scanFailedErrorTest" time="94.539"/>
  <system-out/>
  <testcase classname="Priority.P0_OnBoarding_Test" name="backToHomeTest" time="52.822"/>
  <system-out/>
  <testcase classname="Priority.P0_OnBoarding_Test" name="withoutWifiScanTest" time="79.812"/>
  <system-out/>
  <testcase classname="Priority.P0_OnBoarding_Test" name="enterSerialNUmDidplayTest" time="49.051"/>
  <system-out/>
  <testcase classname="Priority.P0_OnBoarding_Test" name="numericValuesTest" time="56.698"/>
  <system-out/>
  <testcase classname="Priority.P0_OnBoarding_Test" name="errorMessageCamTest" time="54.367">
    <skipped/>
  </testcase> <!-- errorMessageCamTest -->
  <system-out/>
  <testcase classname="Priority.P0_OnBoarding_Test" name="errorMessageCamTest" time="55.131">
    <skipped/>
  </testcase> <!-- errorMessageCamTest -->
  <system-out/>
  <testcase classname="Priority.P0_OnBoarding_Test" name="errorMessageCamTest" time="55.356">
    <skipped/>
  </testcase> <!-- errorMessageCamTest -->
  <system-out/>
  <testcase classname="Priority.P0_OnBoarding_Test" name="errorMessageCamTest" time="54.514">
    <failure message="expected [Camera already added] but found [The device has been added by another account]" type="java.lang.AssertionError">
      <![CDATA[java.lang.AssertionError: expected [Camera already added] but found [The device has been added by another account]
at org.testng.Assert.fail(Assert.java:99)
at org.testng.Assert.failNotEquals(Assert.java:1037)
at org.testng.Assert.assertEqualsImpl(Assert.java:140)
at org.testng.Assert.assertEquals(Assert.java:122)
at org.testng.Assert.assertEquals(Assert.java:629)
at org.testng.Assert.assertEquals(Assert.java:639)
at com.android.genericLibrary.WebDriverUtility.assertion(WebDriverUtility.java:232)
at Priority.P0_OnBoarding_Test.errorMessageCamTest(P0_OnBoarding_Test.java:381)
at java.base/jdk.internal.reflect.NativeMethodAccessorImpl.invoke0(Native Method)
at java.base/jdk.internal.reflect.NativeMethodAccessorImpl.invoke(NativeMethodAccessorImpl.java:77)
at java.base/jdk.internal.reflect.DelegatingMethodAccessorImpl.invoke(DelegatingMethodAccessorImpl.java:43)
at java.base/java.lang.reflect.Method.invoke(Method.java:568)
at org.testng.internal.MethodInvocationHelper.invokeMethod(MethodInvocationHelper.java:133)
at org.testng.internal.TestInvoker.invokeMethod(TestInvoker.java:598)
at org.testng.internal.TestInvoker.retryFailed(TestInvoker.java:213)
at org.testng.internal.MethodRunner.runInSequence(MethodRunner.java:58)
at org.testng.internal.TestInvoker$MethodInvocationAgent.invoke(TestInvoker.java:824)
at org.testng.internal.TestInvoker.invokeTestMethods(TestInvoker.java:146)
at org.testng.internal.TestMethodWorker.invokeTestMethods(TestMethodWorker.java:146)
at org.testng.internal.TestMethodWorker.run(TestMethodWorker.java:128)
at java.base/java.util.ArrayList.forEach(ArrayList.java:1511)
at org.testng.TestRunner.privateRun(TestRunner.java:794)
at org.testng.TestRunner.run(TestRunner.java:596)
at org.testng.SuiteRunner.runTest(SuiteRunner.java:377)
at org.testng.SuiteRunner.runSequentially(SuiteRunner.java:371)
at org.testng.SuiteRunner.privateRun(SuiteRunner.java:332)
at org.testng.SuiteRunner.run(SuiteRunner.java:276)
at org.testng.SuiteRunnerWorker.runSuite(SuiteRunnerWorker.java:53)
at org.testng.SuiteRunnerWorker.run(SuiteRunnerWorker.java:96)
at org.testng.TestNG.runSuitesSequentially(TestNG.java:1212)
at org.testng.TestNG.runSuitesLocally(TestNG.java:1134)
at org.testng.TestNG.runSuites(TestNG.java:1063)
at org.testng.TestNG.run(TestNG.java:1031)
at org.testng.remote.AbstractRemoteTestNG.run(AbstractRemoteTestNG.java:115)
at org.testng.remote.RemoteTestNG.initAndRun(RemoteTestNG.java:251)
at org.testng.remote.RemoteTestNG.main(RemoteTestNG.java:77)
]]>
    </failure>
  </testcase> <!-- errorMessageCamTest -->
  <system-out/>
  <testcase classname="Priority.P0_OnBoarding_Test" name="cameraDeleteAndOnboadrTest" time="99.466"/>
  <system-out/>
  <testcase classname="Priority.P0_OnBoarding_Test" name="navigateBlinkingPageTest" time="61.088"/>
  <system-out/>
  <testcase classname="Priority.P0_OnBoarding_Test" name="sitRelaxVisibleTest" time="73.686"/>
  <system-out/>
  <testcase classname="Priority.P0_OnBoarding_Test" name="killAppTest" time="76.129"/>
  <system-out/>
  <testcase classname="Priority.P0_OnBoarding_Test" name="progressBarTest" time="73.820"/>
  <system-out/>
  <testcase classname="Priority.P0_OnBoarding_Test" name="errrorMessageTest" time="67.190"/>
  <system-out/>
  <testcase classname="Priority.P0_OnBoarding_Test" name="cofigureNotExitTest" time="104.051"/>
  <system-out/>
</testsuite> <!-- Priority.P0_OnBoarding_Test -->
