<?xml version="1.0" encoding="UTF-8"?>
<!-- Generated by org.testng.reporters.JUnitReportReporter -->
<testsuite hostname="LTA1Q5SAYJ" failures="0" tests="7" name="Priority1.P1_HomeScreen_Test" time="214.067" errors="1" timestamp="2022-10-07T14:27:03 IST" skipped="4">
  <testcase classname="Priority1.P1_HomeScreen_Test" name="configBM" time="24.537">
    <error message="An unknown server-side error occurred while processing the command. Original error: Error executing adbExec. Original error: &#039;Command &#039;C:\\Users\\A1Q5SAYJ\\AppData\\Local\\Android\\Sdk\\platform-tools\\adb.exe -P 5037 -s USYSSW4P9SW8CESC shell pm clear com.airtel.xsafe&#039; timed out after 20000ms&#039;. Try to increase the 20000ms adb execution timeout represented by &#039;adbExecTimeout&#039; capability
Build info: version: &#039;3.141.59&#039;, revision: &#039;e82be7d358&#039;, time: &#039;2018-11-14T08:17:03&#039;
System info: host: &#039;LTA1Q5SAYJ&#039;, ip: &#039;10.79.96.45&#039;, os.name: &#039;Windows 10&#039;, os.arch: &#039;amd64&#039;, os.version: &#039;10.0&#039;, java.version: &#039;11.0.16&#039;
Driver info: io.appium.java_client.android.AndroidDriver
Capabilities {appActivity: com.airtel.xsafesdk.ui.acti..., appPackage: com.airtel.xsafe, automationName: uiautomator2, databaseEnabled: false, desired: {appActivity: com.airtel.xsafesdk.ui.acti..., appPackage: com.airtel.xsafe, automationName: uiautomator2, deviceName: vivo 1820, fullReset: false, newCommandTimeout: 60, noReset: false, platformName: android}, deviceApiLevel: 27, deviceManufacturer: vivo, deviceModel: vivo 1820, deviceName: USYSSW4P9SW8CESC, deviceScreenDensity: 320, deviceScreenSize: 720x1520, deviceUDID: USYSSW4P9SW8CESC, fullReset: false, javascriptEnabled: true, locationContextEnabled: false, networkConnectionEnabled: true, newCommandTimeout: 60, noReset: false, pixelRatio: 2, platform: LINUX, platformName: Android, platformVersion: 8.1.0, statBarHeight: 64, takesScreenshot: true, viewportRect: {height: 1372, left: 0, top: 64, width: 720}, warnings: {}, webStorageEnabled: false}
Session ID: bd400925-2d49-4a4d-b352-ddf7e3e077b9" type="org.openqa.selenium.WebDriverException">
      <![CDATA[org.openqa.selenium.WebDriverException: An unknown server-side error occurred while processing the command. Original error: Error executing adbExec. Original error: 'Command 'C:\\Users\\A1Q5SAYJ\\AppData\\Local\\Android\\Sdk\\platform-tools\\adb.exe -P 5037 -s USYSSW4P9SW8CESC shell pm clear com.airtel.xsafe' timed out after 20000ms'. Try to increase the 20000ms adb execution timeout represented by 'adbExecTimeout' capability
Build info: version: '3.141.59', revision: 'e82be7d358', time: '2018-11-14T08:17:03'
System info: host: 'LTA1Q5SAYJ', ip: '10.79.96.45', os.name: 'Windows 10', os.arch: 'amd64', os.version: '10.0', java.version: '11.0.16'
Driver info: io.appium.java_client.android.AndroidDriver
Capabilities {appActivity: com.airtel.xsafesdk.ui.acti..., appPackage: com.airtel.xsafe, automationName: uiautomator2, databaseEnabled: false, desired: {appActivity: com.airtel.xsafesdk.ui.acti..., appPackage: com.airtel.xsafe, automationName: uiautomator2, deviceName: vivo 1820, fullReset: false, newCommandTimeout: 60, noReset: false, platformName: android}, deviceApiLevel: 27, deviceManufacturer: vivo, deviceModel: vivo 1820, deviceName: USYSSW4P9SW8CESC, deviceScreenDensity: 320, deviceScreenSize: 720x1520, deviceUDID: USYSSW4P9SW8CESC, fullReset: false, javascriptEnabled: true, locationContextEnabled: false, networkConnectionEnabled: true, newCommandTimeout: 60, noReset: false, pixelRatio: 2, platform: LINUX, platformName: Android, platformVersion: 8.1.0, statBarHeight: 64, takesScreenshot: true, viewportRect: {height: 1372, left: 0, top: 64, width: 720}, warnings: {}, webStorageEnabled: false}
Session ID: bd400925-2d49-4a4d-b352-ddf7e3e077b9
at java.base/jdk.internal.reflect.NativeConstructorAccessorImpl.newInstance0(Native Method)
at java.base/jdk.internal.reflect.NativeConstructorAccessorImpl.newInstance(NativeConstructorAccessorImpl.java:62)
at java.base/jdk.internal.reflect.DelegatingConstructorAccessorImpl.newInstance(DelegatingConstructorAccessorImpl.java:45)
at java.base/java.lang.reflect.Constructor.newInstance(Constructor.java:490)
at org.openqa.selenium.remote.http.W3CHttpResponseCodec.createException(W3CHttpResponseCodec.java:187)
at org.openqa.selenium.remote.http.W3CHttpResponseCodec.decode(W3CHttpResponseCodec.java:122)
at org.openqa.selenium.remote.http.W3CHttpResponseCodec.decode(W3CHttpResponseCodec.java:49)
at org.openqa.selenium.remote.HttpCommandExecutor.execute(HttpCommandExecutor.java:158)
at io.appium.java_client.remote.AppiumCommandExecutor.execute(AppiumCommandExecutor.java:239)
at org.openqa.selenium.remote.RemoteWebDriver.execute(RemoteWebDriver.java:552)
at io.appium.java_client.DefaultGenericMobileDriver.execute(DefaultGenericMobileDriver.java:46)
at io.appium.java_client.AppiumDriver.execute(AppiumDriver.java:1)
at io.appium.java_client.android.AndroidDriver.execute(AndroidDriver.java:1)
at io.appium.java_client.InteractsWithApps.launchApp(InteractsWithApps.java:50)
at com.android.genericLibrary.BaseClass1.configBM(BaseClass1.java:133)
at java.base/jdk.internal.reflect.NativeMethodAccessorImpl.invoke0(Native Method)
at java.base/jdk.internal.reflect.NativeMethodAccessorImpl.invoke(NativeMethodAccessorImpl.java:62)
at java.base/jdk.internal.reflect.DelegatingMethodAccessorImpl.invoke(DelegatingMethodAccessorImpl.java:43)
at java.base/java.lang.reflect.Method.invoke(Method.java:566)
at org.testng.internal.MethodInvocationHelper.invokeMethod(MethodInvocationHelper.java:133)
at org.testng.internal.MethodInvocationHelper.invokeMethodConsideringTimeout(MethodInvocationHelper.java:62)
at org.testng.internal.ConfigInvoker.invokeConfigurationMethod(ConfigInvoker.java:385)
at org.testng.internal.ConfigInvoker.invokeConfigurations(ConfigInvoker.java:321)
at org.testng.internal.TestInvoker.runConfigMethods(TestInvoker.java:700)
at org.testng.internal.TestInvoker.invokeMethod(TestInvoker.java:527)
at org.testng.internal.TestInvoker.invokeTestMethod(TestInvoker.java:173)
at org.testng.internal.MethodRunner.runInSequence(MethodRunner.java:46)
at org.testng.internal.TestInvoker$MethodInvocationAgent.invoke(TestInvoker.java:824)
at org.testng.internal.TestInvoker.invokeTestMethods(TestInvoker.java:146)
at org.testng.internal.TestMethodWorker.invokeTestMethods(TestMethodWorker.java:146)
at org.testng.internal.TestMethodWorker.run(TestMethodWorker.java:128)
at java.base/java.util.ArrayList.forEach(ArrayList.java:1541)
at org.testng.TestRunner.privateRun(TestRunner.java:794)
at org.testng.TestRunner.run(TestRunner.java:596)
at org.testng.SuiteRunner.runTest(SuiteRunner.java:377)
at org.testng.SuiteRunner.runSequentially(SuiteRunner.java:371)
at org.testng.SuiteRunner.privateRun(SuiteRunner.java:332)
at org.testng.SuiteRunner.run(SuiteRunner.java:276)
at org.testng.SuiteRunnerWorker.runSuite(SuiteRunnerWorker.java:53)
at org.testng.SuiteRunnerWorker.run(SuiteRunnerWorker.java:96)
at org.testng.TestNG.runSuitesSequentially(TestNG.java:1212)
at org.testng.TestNG.runSuitesLocally(TestNG.java:1134)
at org.testng.TestNG.runSuites(TestNG.java:1063)
at org.testng.TestNG.run(TestNG.java:1031)
at org.testng.remote.AbstractRemoteTestNG.run(AbstractRemoteTestNG.java:115)
at org.testng.remote.RemoteTestNG.initAndRun(RemoteTestNG.java:251)
at org.testng.remote.RemoteTestNG.main(RemoteTestNG.java:77)
]]>
    </error>
  </testcase> <!-- configBM -->
  <system-out/>
  <testcase classname="Priority1.P1_HomeScreen_Test" name="homeScreenTest" time="65.975">
    <skipped/>
  </testcase> <!-- homeScreenTest -->
  <system-out/>
  <testcase classname="Priority1.P1_HomeScreen_Test" name="homeScreenTest" time="70.253"/>
  <system-out/>
  <testcase classname="Priority1.P1_HomeScreen_Test" name="coachMark1Test" time="53.302"/>
  <system-out/>
  <testcase classname="Priority1.P1_HomeScreen_Test" name="coachMark2Test" time="0.000">
    <skipped/>
  </testcase> <!-- coachMark2Test -->
  <system-out/>
  <testcase classname="Priority1.P1_HomeScreen_Test" name="expanderIconTest" time="0.000">
    <skipped/>
  </testcase> <!-- expanderIconTest -->
  <system-out/>
  <testcase classname="Priority1.P1_HomeScreen_Test" name="listGridTest" time="0.000">
    <skipped/>
  </testcase> <!-- listGridTest -->
  <system-out/>
</testsuite> <!-- Priority1.P1_HomeScreen_Test -->
