<?xml version="1.0" encoding="UTF-8"?>
<!-- Generated by org.testng.reporters.JUnitXMLReporter -->
<testsuite ignored="0" hostname="LTA1Q5SAYJ" failures="0" tests="3" name="Test" time="96.09" errors="0" timestamp="2022-10-17T17:29:26 IST">
  <testcase classname="com.android.genericLibrary.BaseClass" name="@BeforeMethod configBM" time="65.721">
    <failure type="org.openqa.selenium.NoSuchElementException" message="An element could not be located on the page using the given search parameters.
For documentation on this error, please visit: https://www.seleniumhq.org/exceptions/no_such_element.html
Build info: version: &amp;apos;3.141.59&amp;apos;, revision: &amp;apos;e82be7d358&amp;apos;, time: &amp;apos;2018-11-14T08:17:03&amp;apos;
System info: host: &amp;apos;LTA1Q5SAYJ&amp;apos;, ip: &amp;apos;10.79.101.202&amp;apos;, os.name: &amp;apos;Windows 10&amp;apos;, os.arch: &amp;apos;amd64&amp;apos;, os.version: &amp;apos;10.0&amp;apos;, java.version: &amp;apos;11.0.16&amp;apos;
Driver info: io.appium.java_client.android.AndroidDriver
Capabilities {appActivity: com.airtel.xsafesdk.ui.acti..., appPackage: com.airtel.xsafe, automationName: uiautomator2, databaseEnabled: false, desired: {appActivity: com.airtel.xsafesdk.ui.acti..., appPackage: com.airtel.xsafe, automationName: uiautomator2, deviceName: vivo 1820, fullReset: false, newCommandTimeout: 60, noReset: false, platformName: android}, deviceApiLevel: 27, deviceManufacturer: vivo, deviceModel: vivo 1820, deviceName: USYSSW4P9SW8CESC, deviceScreenDensity: 320, deviceScreenSize: 720x1520, deviceUDID: USYSSW4P9SW8CESC, fullReset: false, javascriptEnabled: true, locationContextEnabled: false, networkConnectionEnabled: true, newCommandTimeout: 60, noReset: false, pixelRatio: 2, platform: LINUX, platformName: Android, platformVersion: 8.1.0, statBarHeight: 64, takesScreenshot: true, viewportRect: {height: 1372, left: 0, top: 64, width: 720}, warnings: {}, webStorageEnabled: false}
Session ID: e4bdea89-21da-4026-b013-85f853b146fd
*** Element info: {Using=id, value=com.airtel.xsafe:id/tv_detectingOtp}">
      <![CDATA[org.openqa.selenium.NoSuchElementException: An element could not be located on the page using the given search parameters.
For documentation on this error, please visit: https://www.seleniumhq.org/exceptions/no_such_element.html
Build info: version: '3.141.59', revision: 'e82be7d358', time: '2018-11-14T08:17:03'
System info: host: 'LTA1Q5SAYJ', ip: '10.79.101.202', os.name: 'Windows 10', os.arch: 'amd64', os.version: '10.0', java.version: '11.0.16'
Driver info: io.appium.java_client.android.AndroidDriver
Capabilities {appActivity: com.airtel.xsafesdk.ui.acti..., appPackage: com.airtel.xsafe, automationName: uiautomator2, databaseEnabled: false, desired: {appActivity: com.airtel.xsafesdk.ui.acti..., appPackage: com.airtel.xsafe, automationName: uiautomator2, deviceName: vivo 1820, fullReset: false, newCommandTimeout: 60, noReset: false, platformName: android}, deviceApiLevel: 27, deviceManufacturer: vivo, deviceModel: vivo 1820, deviceName: USYSSW4P9SW8CESC, deviceScreenDensity: 320, deviceScreenSize: 720x1520, deviceUDID: USYSSW4P9SW8CESC, fullReset: false, javascriptEnabled: true, locationContextEnabled: false, networkConnectionEnabled: true, newCommandTimeout: 60, noReset: false, pixelRatio: 2, platform: LINUX, platformName: Android, platformVersion: 8.1.0, statBarHeight: 64, takesScreenshot: true, viewportRect: {height: 1372, left: 0, top: 64, width: 720}, warnings: {}, webStorageEnabled: false}
Session ID: e4bdea89-21da-4026-b013-85f853b146fd
*** Element info: {Using=id, value=com.airtel.xsafe:id/tv_detectingOtp}
at org.openqa.selenium.remote.http.W3CHttpResponseCodec.createException(W3CHttpResponseCodec.java:187)
at org.openqa.selenium.remote.http.W3CHttpResponseCodec.decode(W3CHttpResponseCodec.java:122)
at org.openqa.selenium.remote.http.W3CHttpResponseCodec.decode(W3CHttpResponseCodec.java:49)
at org.openqa.selenium.remote.HttpCommandExecutor.execute(HttpCommandExecutor.java:158)
at io.appium.java_client.remote.AppiumCommandExecutor.execute(AppiumCommandExecutor.java:239)
at org.openqa.selenium.remote.RemoteWebDriver.execute(RemoteWebDriver.java:552)
at io.appium.java_client.DefaultGenericMobileDriver.execute(DefaultGenericMobileDriver.java:42)
at io.appium.java_client.AppiumDriver.execute(AppiumDriver.java:1)
at io.appium.java_client.android.AndroidDriver.execute(AndroidDriver.java:1)
at org.openqa.selenium.remote.RemoteWebDriver.findElement(RemoteWebDriver.java:323)
at io.appium.java_client.DefaultGenericMobileDriver.findElement(DefaultGenericMobileDriver.java:62)
at io.appium.java_client.AppiumDriver.findElement(AppiumDriver.java:1)
at io.appium.java_client.android.AndroidDriver.findElement(AndroidDriver.java:1)
at org.openqa.selenium.remote.RemoteWebDriver.findElementById(RemoteWebDriver.java:372)
at io.appium.java_client.DefaultGenericMobileDriver.findElementById(DefaultGenericMobileDriver.java:70)
at io.appium.java_client.AppiumDriver.findElementById(AppiumDriver.java:1)
at io.appium.java_client.android.AndroidDriver.findElementById(AndroidDriver.java:1)
at org.openqa.selenium.By$ById.findElement(By.java:188)
at org.openqa.selenium.remote.RemoteWebDriver.findElement(RemoteWebDriver.java:315)
at io.appium.java_client.DefaultGenericMobileDriver.findElement(DefaultGenericMobileDriver.java:58)
at io.appium.java_client.AppiumDriver.findElement(AppiumDriver.java:1)
at io.appium.java_client.android.AndroidDriver.findElement(AndroidDriver.java:1)
at org.openqa.selenium.support.pagefactory.DefaultElementLocator.findElement(DefaultElementLocator.java:69)
at org.openqa.selenium.support.pagefactory.internal.LocatingElementHandler.invoke(LocatingElementHandler.java:38)
at com.sun.proxy.$Proxy20.getText(Unknown Source)
at com.android.genericLibrary.WebDriverUtility.assertion(WebDriverUtility.java:232)
at com.android.genericLibrary.BaseClass.configBM(BaseClass.java:171)
at java.base/java.util.ArrayList.forEach(ArrayList.java:1541)
... Removed 35 stack frames]]>
    </failure>
  </testcase> <!-- @BeforeMethod configBM -->
  <testcase classname="com.android.genericLibrary.BaseClass" name="@AfterMethod configAM" time="-1.666007966471E9">
    <skipped/>
  </testcase> <!-- @AfterMethod configAM -->
  <testcase classname="com.android.genericLibrary.BaseClass" name="@BeforeMethod configBM" time="-1.666007966477E9">
    <skipped/>
  </testcase> <!-- @BeforeMethod configBM -->
  <testcase classname="com.android.genericLibrary.BaseClass" name="@AfterMethod configAM" time="-1.666007966483E9">
    <skipped/>
  </testcase> <!-- @AfterMethod configAM -->
  <testcase classname="com.android.genericLibrary.BaseClass" name="@BeforeMethod configBM" time="-1.666007966485E9">
    <skipped/>
  </testcase> <!-- @BeforeMethod configBM -->
  <testcase classname="com.android.genericLibrary.BaseClass" name="@AfterMethod configAM" time="-1.66600796649E9">
    <skipped/>
  </testcase> <!-- @AfterMethod configAM -->
  <testcase classname="com.android.genericLibrary.BaseClass" name="@AfterClass configAC" time="-1.666007966492E9">
    <skipped/>
  </testcase> <!-- @AfterClass configAC -->
  <testcase classname="Sanity.sanityPlaystoreBuildTest" name="validLoginTest" time="0.0">
    <skipped/>
  </testcase> <!-- validLoginTest -->
  <testcase classname="Sanity.sanityPlaystoreBuildTest" name="camFunctionsTest" time="0.0">
    <skipped/>
  </testcase> <!-- camFunctionsTest -->
  <testcase classname="Sanity.sanityPlaystoreBuildTest" name="cameraSettingsTest" time="0.0">
    <skipped/>
  </testcase> <!-- cameraSettingsTest -->
</testsuite> <!-- Test -->
